# JRE version: Java(TM) SE Runtime Environment (8.0_201-b09) (build 1.8.0_201-b09)
# Java VM: Java HotSpot(TM) 64-Bit Server VM (25.201-b09 mixed mode windows-amd64 compressed oops)
Heap:
 PSYoungGen      total 76288K, used 33597K [0x000000076af00000, 0x0000000772b80000, 0x00000007c0000000)
  eden space 65536K, 42% used [0x000000076af00000,0x000000076ca0abd8,0x000000076ef00000)
  from space 10752K, 54% used [0x000000076ef00000,0x000000076f4c4c00,0x000000076f980000)
  to   space 10752K, 0% used [0x0000000772100000,0x0000000772100000,0x0000000772b80000)
 ParOldGen       total 99840K, used 6514K [0x00000006c0c00000, 0x00000006c6d80000, 0x000000076af00000)
  object space 99840K, 6% used [0x00000006c0c00000,0x00000006c125cb80,0x00000006c6d80000)
 Metaspace       used 21506K, capacity 22173K, committed 22528K, reserved 1069056K
  class space    used 2790K, capacity 2973K, committed 3072K, reserved 1048576K
GC Heap History (8 events):
Event: 1.045 GC heap before
{Heap before GC invocations=1 (full 0):
 PSYoungGen      total 76288K, used 65536K [0x000000076af00000, 0x0000000770400000, 0x00000007c0000000)
  eden space 65536K, 100% used [0x000000076af00000,0x000000076ef00000,0x000000076ef00000)
  from space 10752K, 0% used [0x000000076f980000,0x000000076f980000,0x0000000770400000)
  to   space 10752K, 0% used [0x000000076ef00000,0x000000076ef00000,0x000000076f980000)
 ParOldGen       total 175104K, used 0K [0x00000006c0c00000, 0x00000006cb700000, 0x000000076af00000)
  object space 175104K, 0% used [0x00000006c0c00000,0x00000006c0c00000,0x00000006cb700000)
 Metaspace       used 12330K, capacity 12792K, committed 12928K, reserved 1060864K
  class space    used 1519K, capacity 1660K, committed 1664K, reserved 1048576K
Event: 1.053 GC heap after
Heap after GC invocations=1 (full 0):
 PSYoungGen      total 76288K, used 6811K [0x000000076af00000, 0x0000000770400000, 0x00000007c0000000)
  eden space 65536K, 0% used [0x000000076af00000,0x000000076af00000,0x000000076ef00000)
  from space 10752K, 63% used [0x000000076ef00000,0x000000076f5a6fc0,0x000000076f980000)
  to   space 10752K, 0% used [0x000000076f980000,0x000000076f980000,0x0000000770400000)
 ParOldGen       total 175104K, used 16K [0x00000006c0c00000, 0x00000006cb700000, 0x000000076af00000)
  object space 175104K, 0% used [0x00000006c0c00000,0x00000006c0c04000,0x00000006cb700000)
 Metaspace       used 12330K, capacity 12792K, committed 12928K, reserved 1060864K
  class space    used 1519K, capacity 1660K, committed 1664K, reserved 1048576K
}
Event: 1.267 GC heap before
{Heap before GC invocations=2 (full 0):
 PSYoungGen      total 76288K, used 53294K [0x000000076af00000, 0x0000000770400000, 0x00000007c0000000)
  eden space 65536K, 70% used [0x000000076af00000,0x000000076dc64ab0,0x000000076ef00000)
  from space 10752K, 63% used [0x000000076ef00000,0x000000076f5a6fc0,0x000000076f980000)
  to   space 10752K, 0% used [0x000000076f980000,0x000000076f980000,0x0000000770400000)
 ParOldGen       total 175104K, used 16K [0x00000006c0c00000, 0x00000006cb700000, 0x000000076af00000)
  object space 175104K, 0% used [0x00000006c0c00000,0x00000006c0c04000,0x00000006cb700000)
 Metaspace       used 15518K, capacity 16053K, committed 16256K, reserved 1062912K
  class space    used 2038K, capacity 2176K, committed 2176K, reserved 1048576K
Event: 1.281 GC heap after
Heap after GC invocations=2 (full 0):
 PSYoungGen      total 76288K, used 6847K [0x000000076af00000, 0x0000000770400000, 0x00000007c0000000)
  eden space 65536K, 0% used [0x000000076af00000,0x000000076af00000,0x000000076ef00000)
  from space 10752K, 63% used [0x000000076f980000,0x000000077002fcb8,0x0000000770400000)
  to   space 10752K, 0% used [0x000000076ef00000,0x000000076ef00000,0x000000076f980000)
 ParOldGen       total 175104K, used 24K [0x00000006c0c00000, 0x00000006cb700000, 0x000000076af00000)
  object space 175104K, 0% used [0x00000006c0c00000,0x00000006c0c06000,0x00000006cb700000)
 Metaspace       used 15518K, capacity 16053K, committed 16256K, reserved 1062912K
  class space    used 2038K, capacity 2176K, committed 2176K, reserved 1048576K
}
Event: 1.281 GC heap before
{Heap before GC invocations=3 (full 1):
 PSYoungGen      total 76288K, used 6847K [0x000000076af00000, 0x0000000770400000, 0x00000007c0000000)
  eden space 65536K, 0% used [0x000000076af00000,0x000000076af00000,0x000000076ef00000)
  from space 10752K, 63% used [0x000000076f980000,0x000000077002fcb8,0x0000000770400000)
  to   space 10752K, 0% used [0x000000076ef00000,0x000000076ef00000,0x000000076f980000)
 ParOldGen       total 175104K, used 24K [0x00000006c0c00000, 0x00000006cb700000, 0x000000076af00000)
  object space 175104K, 0% used [0x00000006c0c00000,0x00000006c0c06000,0x00000006cb700000)
 Metaspace       used 15518K, capacity 16053K, committed 16256K, reserved 1062912K
  class space    used 2038K, capacity 2176K, committed 2176K, reserved 1048576K
Event: 1.312 GC heap after
Heap after GC invocations=3 (full 1):
 PSYoungGen      total 76288K, used 0K [0x000000076af00000, 0x0000000770400000, 0x00000007c0000000)
  eden space 65536K, 0% used [0x000000076af00000,0x000000076af00000,0x000000076ef00000)
  from space 10752K, 0% used [0x000000076f980000,0x000000076f980000,0x0000000770400000)
  to   space 10752K, 0% used [0x000000076ef00000,0x000000076ef00000,0x000000076f980000)
 ParOldGen       total 99840K, used 6514K [0x00000006c0c00000, 0x00000006c6d80000, 0x000000076af00000)
  object space 99840K, 6% used [0x00000006c0c00000,0x00000006c125cb80,0x00000006c6d80000)
 Metaspace       used 15516K, capacity 16047K, committed 16256K, reserved 1062912K
  class space    used 2037K, capacity 2175K, committed 2176K, reserved 1048576K
}
Event: 1.762 GC heap before
{Heap before GC invocations=4 (full 1):
 PSYoungGen      total 76288K, used 65494K [0x000000076af00000, 0x0000000770400000, 0x00000007c0000000)
  eden space 65536K, 99% used [0x000000076af00000,0x000000076eef5918,0x000000076ef00000)
  from space 10752K, 0% used [0x000000076f980000,0x000000076f980000,0x0000000770400000)
  to   space 10752K, 0% used [0x000000076ef00000,0x000000076ef00000,0x000000076f980000)
 ParOldGen       total 99840K, used 6514K [0x00000006c0c00000, 0x00000006c6d80000, 0x000000076af00000)
  object space 99840K, 6% used [0x00000006c0c00000,0x00000006c125cb80,0x00000006c6d80000)
 Metaspace       used 20862K, capacity 21521K, committed 21632K, reserved 1069056K
  class space    used 2722K, capacity 2903K, committed 2944K, reserved 1048576K
Event: 1.787 GC heap after
Heap after GC invocations=4 (full 1):
 PSYoungGen      total 76288K, used 5907K [0x000000076af00000, 0x0000000772b80000, 0x00000007c0000000)
  eden space 65536K, 0% used [0x000000076af00000,0x000000076af00000,0x000000076ef00000)
  from space 10752K, 54% used [0x000000076ef00000,0x000000076f4c4c00,0x000000076f980000)
  to   space 10752K, 0% used [0x0000000772100000,0x0000000772100000,0x0000000772b80000)
 ParOldGen       total 99840K, used 6514K [0x00000006c0c00000, 0x00000006c6d80000, 0x000000076af00000)
  object space 99840K, 6% used [0x00000006c0c00000,0x00000006c125cb80,0x00000006c6d80000)
 Metaspace       used 20862K, capacity 21521K, committed 21632K, reserved 1069056K
  class space    used 2722K, capacity 2903K, committed 2944K, reserved 1048576K
}

