# JRE version: Java(TM) SE Runtime Environment (8.0_201-b09) (build 1.8.0_201-b09)
# Java VM: Java HotSpot(TM) 64-Bit Server VM (25.201-b09 mixed mode windows-amd64 compressed oops)
Heap:
 PSYoungGen      total 103936K, used 34335K [0x000000076af00000, 0x0000000773c80000, 0x00000007c0000000)
  eden space 100864K, 31% used [0x000000076af00000,0x000000076cd9a450,0x0000000771180000)
  from space 3072K, 97% used [0x0000000773980000,0x0000000773c6d920,0x0000000773c80000)
  to   space 10752K, 0% used [0x0000000772780000,0x0000000772780000,0x0000000773200000)
 ParOldGen       total 99328K, used 7011K [0x00000006c0c00000, 0x00000006c6d00000, 0x000000076af00000)
  object space 99328K, 7% used [0x00000006c0c00000,0x00000006c12d8f80,0x00000006c6d00000)
 Metaspace       used 23548K, capacity 24456K, committed 24624K, reserved 1071104K
  class space    used 3051K, capacity 3286K, committed 3376K, reserved 1048576K
GC Heap History (10 events):
Event: 1.306 GC heap before
{Heap before GC invocations=1 (full 0):
 PSYoungGen      total 76288K, used 65536K [0x000000076af00000, 0x0000000770400000, 0x00000007c0000000)
  eden space 65536K, 100% used [0x000000076af00000,0x000000076ef00000,0x000000076ef00000)
  from space 10752K, 0% used [0x000000076f980000,0x000000076f980000,0x0000000770400000)
  to   space 10752K, 0% used [0x000000076ef00000,0x000000076ef00000,0x000000076f980000)
 ParOldGen       total 175104K, used 0K [0x00000006c0c00000, 0x00000006cb700000, 0x000000076af00000)
  object space 175104K, 0% used [0x00000006c0c00000,0x00000006c0c00000,0x00000006cb700000)
 Metaspace       used 12375K, capacity 12842K, committed 12928K, reserved 1060864K
  class space    used 1524K, capacity 1659K, committed 1664K, reserved 1048576K
Event: 1.313 GC heap after
Heap after GC invocations=1 (full 0):
 PSYoungGen      total 76288K, used 6847K [0x000000076af00000, 0x0000000770400000, 0x00000007c0000000)
  eden space 65536K, 0% used [0x000000076af00000,0x000000076af00000,0x000000076ef00000)
  from space 10752K, 63% used [0x000000076ef00000,0x000000076f5afdc8,0x000000076f980000)
  to   space 10752K, 0% used [0x000000076f980000,0x000000076f980000,0x0000000770400000)
 ParOldGen       total 175104K, used 16K [0x00000006c0c00000, 0x00000006cb700000, 0x000000076af00000)
  object space 175104K, 0% used [0x00000006c0c00000,0x00000006c0c04000,0x00000006cb700000)
 Metaspace       used 12375K, capacity 12842K, committed 12928K, reserved 1060864K
  class space    used 1524K, capacity 1659K, committed 1664K, reserved 1048576K
}
Event: 1.652 GC heap before
{Heap before GC invocations=2 (full 0):
 PSYoungGen      total 76288K, used 72383K [0x000000076af00000, 0x0000000770400000, 0x00000007c0000000)
  eden space 65536K, 100% used [0x000000076af00000,0x000000076ef00000,0x000000076ef00000)
  from space 10752K, 63% used [0x000000076ef00000,0x000000076f5afdc8,0x000000076f980000)
  to   space 10752K, 0% used [0x000000076f980000,0x000000076f980000,0x0000000770400000)
 ParOldGen       total 175104K, used 16K [0x00000006c0c00000, 0x00000006cb700000, 0x000000076af00000)
  object space 175104K, 0% used [0x00000006c0c00000,0x00000006c0c04000,0x00000006cb700000)
 Metaspace       used 17645K, capacity 18250K, committed 18432K, reserved 1064960K
  class space    used 2300K, capacity 2463K, committed 2560K, reserved 1048576K
Event: 1.661 GC heap after
Heap after GC invocations=2 (full 0):
 PSYoungGen      total 76288K, used 8939K [0x000000076af00000, 0x0000000774400000, 0x00000007c0000000)
  eden space 65536K, 0% used [0x000000076af00000,0x000000076af00000,0x000000076ef00000)
  from space 10752K, 83% used [0x000000076f980000,0x000000077023af20,0x0000000770400000)
  to   space 10752K, 0% used [0x000000076ef00000,0x000000076ef00000,0x000000076f980000)
 ParOldGen       total 175104K, used 24K [0x00000006c0c00000, 0x00000006cb700000, 0x000000076af00000)
  object space 175104K, 0% used [0x00000006c0c00000,0x00000006c0c06000,0x00000006cb700000)
 Metaspace       used 17645K, capacity 18250K, committed 18432K, reserved 1064960K
  class space    used 2300K, capacity 2463K, committed 2560K, reserved 1048576K
}
Event: 1.847 GC heap before
{Heap before GC invocations=3 (full 0):
 PSYoungGen      total 76288K, used 36167K [0x000000076af00000, 0x0000000774400000, 0x00000007c0000000)
  eden space 65536K, 41% used [0x000000076af00000,0x000000076c996fd8,0x000000076ef00000)
  from space 10752K, 83% used [0x000000076f980000,0x000000077023af20,0x0000000770400000)
  to   space 10752K, 0% used [0x000000076ef00000,0x000000076ef00000,0x000000076f980000)
 ParOldGen       total 175104K, used 24K [0x00000006c0c00000, 0x00000006cb700000, 0x000000076af00000)
  object space 175104K, 0% used [0x00000006c0c00000,0x00000006c0c06000,0x00000006cb700000)
 Metaspace       used 20647K, capacity 21238K, committed 21296K, reserved 1067008K
  class space    used 2685K, capacity 2861K, committed 2864K, reserved 1048576K
Event: 1.856 GC heap after
Heap after GC invocations=3 (full 0):
 PSYoungGen      total 76288K, used 7339K [0x000000076af00000, 0x0000000774400000, 0x00000007c0000000)
  eden space 65536K, 0% used [0x000000076af00000,0x000000076af00000,0x000000076ef00000)
  from space 10752K, 68% used [0x000000076ef00000,0x000000076f62adf8,0x000000076f980000)
  to   space 10752K, 0% used [0x0000000773980000,0x0000000773980000,0x0000000774400000)
 ParOldGen       total 175104K, used 32K [0x00000006c0c00000, 0x00000006cb700000, 0x000000076af00000)
  object space 175104K, 0% used [0x00000006c0c00000,0x00000006c0c08000,0x00000006cb700000)
 Metaspace       used 20647K, capacity 21238K, committed 21296K, reserved 1067008K
  class space    used 2685K, capacity 2861K, committed 2864K, reserved 1048576K
}
Event: 1.856 GC heap before
{Heap before GC invocations=4 (full 1):
 PSYoungGen      total 76288K, used 7339K [0x000000076af00000, 0x0000000774400000, 0x00000007c0000000)
  eden space 65536K, 0% used [0x000000076af00000,0x000000076af00000,0x000000076ef00000)
  from space 10752K, 68% used [0x000000076ef00000,0x000000076f62adf8,0x000000076f980000)
  to   space 10752K, 0% used [0x0000000773980000,0x0000000773980000,0x0000000774400000)
 ParOldGen       total 175104K, used 32K [0x00000006c0c00000, 0x00000006cb700000, 0x000000076af00000)
  object space 175104K, 0% used [0x00000006c0c00000,0x00000006c0c08000,0x00000006cb700000)
 Metaspace       used 20647K, capacity 21238K, committed 21296K, reserved 1067008K
  class space    used 2685K, capacity 2861K, committed 2864K, reserved 1048576K
Event: 1.890 GC heap after
Heap after GC invocations=4 (full 1):
 PSYoungGen      total 76288K, used 0K [0x000000076af00000, 0x0000000774400000, 0x00000007c0000000)
  eden space 65536K, 0% used [0x000000076af00000,0x000000076af00000,0x000000076ef00000)
  from space 10752K, 0% used [0x000000076ef00000,0x000000076ef00000,0x000000076f980000)
  to   space 10752K, 0% used [0x0000000773980000,0x0000000773980000,0x0000000774400000)
 ParOldGen       total 99328K, used 7003K [0x00000006c0c00000, 0x00000006c6d00000, 0x000000076af00000)
  object space 99328K, 7% used [0x00000006c0c00000,0x00000006c12d6f80,0x00000006c6d00000)
 Metaspace       used 20645K, capacity 21232K, committed 21296K, reserved 1067008K
  class space    used 2684K, capacity 2860K, committed 2864K, reserved 1048576K
}
Event: 3.061 GC heap before
{Heap before GC invocations=5 (full 1):
 PSYoungGen      total 76288K, used 65536K [0x000000076af00000, 0x0000000774400000, 0x00000007c0000000)
  eden space 65536K, 100% used [0x000000076af00000,0x000000076ef00000,0x000000076ef00000)
  from space 10752K, 0% used [0x000000076ef00000,0x000000076ef00000,0x000000076f980000)
  to   space 10752K, 0% used [0x0000000773980000,0x0000000773980000,0x0000000774400000)
 ParOldGen       total 99328K, used 7003K [0x00000006c0c00000, 0x00000006c6d00000, 0x000000076af00000)
  object space 99328K, 7% used [0x00000006c0c00000,0x00000006c12d6f80,0x00000006c6d00000)
 Metaspace       used 22124K, capacity 22930K, committed 23088K, reserved 1069056K
  class space    used 2863K, capacity 3061K, committed 3120K, reserved 1048576K
Event: 3.065 GC heap after
Heap after GC invocations=5 (full 1):
 PSYoungGen      total 103936K, used 2998K [0x000000076af00000, 0x0000000773c80000, 0x00000007c0000000)
  eden space 100864K, 0% used [0x000000076af00000,0x000000076af00000,0x0000000771180000)
  from space 3072K, 97% used [0x0000000773980000,0x0000000773c6d920,0x0000000773c80000)
  to   space 10752K, 0% used [0x0000000772780000,0x0000000772780000,0x0000000773200000)
 ParOldGen       total 99328K, used 7011K [0x00000006c0c00000, 0x00000006c6d00000, 0x000000076af00000)
  object space 99328K, 7% used [0x00000006c0c00000,0x00000006c12d8f80,0x00000006c6d00000)
 Metaspace       used 22124K, capacity 22930K, committed 23088K, reserved 1069056K
  class space    used 2863K, capacity 3061K, committed 3120K, reserved 1048576K
}

